Jan 10, 2014 8:20:27 PM org.apache.catalina.core.AprLifecycleListener init
INFO: The APR based Apache Tomcat Native library which allows optimal performance in production environments was not found on the java.library.path: /home/hua/lib/jdk/jre/lib/amd64/server:/home/hua/lib/jdk/jre/lib/amd64:/home/hua/lib/jdk/jre/../lib/amd64:/usr/java/packages/lib/amd64:/usr/lib64:/lib64:/lib:/usr/lib
Jan 10, 2014 8:20:28 PM org.apache.coyote.AbstractProtocol init
INFO: Initializing ProtocolHandler ["http-bio-8080"]
Jan 10, 2014 8:20:28 PM org.apache.coyote.AbstractProtocol init
INFO: Initializing ProtocolHandler ["ajp-bio-8009"]
Jan 10, 2014 8:20:28 PM org.apache.catalina.startup.Catalina load
INFO: Initialization processed in 1389 ms
Jan 10, 2014 8:20:28 PM org.apache.catalina.core.StandardService startInternal
INFO: Starting service Catalina
Jan 10, 2014 8:20:28 PM org.apache.catalina.core.StandardEngine startInternal
INFO: Starting Servlet Engine: Apache Tomcat/7.0.41
Jan 10, 2014 8:20:28 PM org.apache.catalina.startup.HostConfig deployDirectory
INFO: Deploying web application directory /home/hua/lib/tomcat7/webapps/manager
Jan 10, 2014 8:20:29 PM org.apache.catalina.startup.HostConfig deployDirectory
INFO: Deploying web application directory /home/hua/lib/tomcat7/webapps/ROOT
Jan 10, 2014 8:20:29 PM org.apache.catalina.startup.HostConfig deployDirectory
INFO: Deploying web application directory /home/hua/lib/tomcat7/webapps/docs
Jan 10, 2014 8:20:29 PM org.apache.catalina.startup.HostConfig deployDirectory
INFO: Deploying web application directory /home/hua/lib/tomcat7/webapps/huaonline
Jan 10, 2014 8:20:29 PM org.apache.catalina.startup.HostConfig deployDirectory
INFO: Deploying web application directory /home/hua/lib/tomcat7/webapps/cs2cw
Jan 10, 2014 8:20:30 PM org.apache.catalina.startup.HostConfig deployDirectory
INFO: Deploying web application directory /home/hua/lib/tomcat7/webapps/examples
Jan 10, 2014 8:20:30 PM org.apache.catalina.startup.HostConfig deployDirectory
INFO: Deploying web application directory /home/hua/lib/tomcat7/webapps/host-manager
Jan 10, 2014 8:20:30 PM org.apache.catalina.startup.HostConfig deployDirectory
INFO: Deploying web application directory /home/hua/lib/tomcat7/webapps/AnyChat4SpringMVC
Jan 10, 2014 8:20:30 PM org.apache.catalina.loader.WebappClassLoader validateJarFile
INFO: validateJarFile(/home/hua/lib/tomcat7/webapps/AnyChat4SpringMVC/WEB-INF/lib/servlet-api.jar) - jar not loaded. See Servlet Spec 2.3, section 9.7.2. Offending class: javax/servlet/Servlet.class
Jan 10, 2014 8:20:31 PM org.springframework.web.servlet.FrameworkServlet initServletBean
INFO: FrameworkServlet 'AnyChat4SpringMVC': initialization started
Jan 10, 2014 8:20:31 PM org.springframework.context.support.AbstractApplicationContext prepareRefresh
INFO: Refreshing WebApplicationContext for namespace 'AnyChat4SpringMVC-servlet': startup date [Fri Jan 10 20:20:31 CST 2014]; root of context hierarchy
Jan 10, 2014 8:20:32 PM org.springframework.beans.factory.xml.XmlBeanDefinitionReader loadBeanDefinitions
INFO: Loading XML bean definitions from ServletContext resource [/WEB-INF/AnyChat4SpringMVC-servlet.xml]
Jan 10, 2014 8:20:32 PM org.springframework.beans.factory.support.DefaultListableBeanFactory preInstantiateSingletons
INFO: Pre-instantiating singletons in org.springframework.beans.factory.support.DefaultListableBeanFactory@5ab05fcb: defining beans [org.springframework.context.annotation.internalConfigurationAnnotationProcessor,org.springframework.context.annotation.internalAutowiredAnnotationProcessor,org.springframework.context.annotation.internalRequiredAnnotationProcessor,org.springframework.context.annotation.internalCommonAnnotationProcessor,urlMapping,loginController,methodNameResolver,paraMethodResolver,org.springframework.web.servlet.view.InternalResourceViewResolver#0,exceptionResolver,anyChat]; root of factory hierarchy
Jan 10, 2014 8:20:32 PM org.springframework.web.servlet.handler.AbstractUrlHandlerMapping registerHandler
INFO: Mapped URL path [/login.do] onto handler 'loginController'
Jan 10, 2014 8:20:32 PM org.springframework.web.servlet.FrameworkServlet initServletBean
INFO: FrameworkServlet 'AnyChat4SpringMVC': initialization completed in 917 ms
Jan 10, 2014 8:20:32 PM org.apache.coyote.AbstractProtocol start
INFO: Starting ProtocolHandler ["http-bio-8080"]
Jan 10, 2014 8:20:32 PM org.apache.coyote.AbstractProtocol start
INFO: Starting ProtocolHandler ["ajp-bio-8009"]
Jan 10, 2014 8:20:32 PM org.apache.catalina.startup.Catalina start
INFO: Server startup in 4354 ms
Jan 10, 2014 8:22:49 PM org.apache.coyote.AbstractProtocol pause
INFO: Pausing ProtocolHandler ["http-bio-8080"]
Jan 10, 2014 8:22:49 PM org.apache.coyote.AbstractProtocol pause
INFO: Pausing ProtocolHandler ["ajp-bio-8009"]
Jan 10, 2014 8:22:49 PM org.apache.catalina.core.StandardService stopInternal
INFO: Stopping service Catalina
Jan 10, 2014 8:22:49 PM org.springframework.context.support.AbstractApplicationContext doClose
INFO: Closing WebApplicationContext for namespace 'AnyChat4SpringMVC-servlet': startup date [Fri Jan 10 20:20:31 CST 2014]; root of context hierarchy
Jan 10, 2014 8:22:49 PM org.springframework.beans.factory.support.DefaultSingletonBeanRegistry destroySingletons
INFO: Destroying singletons in org.springframework.beans.factory.support.DefaultListableBeanFactory@5ab05fcb: defining beans [org.springframework.context.annotation.internalConfigurationAnnotationProcessor,org.springframework.context.annotation.internalAutowiredAnnotationProcessor,org.springframework.context.annotation.internalRequiredAnnotationProcessor,org.springframework.context.annotation.internalCommonAnnotationProcessor,urlMapping,loginController,methodNameResolver,paraMethodResolver,org.springframework.web.servlet.view.InternalResourceViewResolver#0,exceptionResolver,anyChat]; root of factory hierarchy
Jan 10, 2014 8:22:49 PM org.apache.coyote.AbstractProtocol stop
INFO: Stopping ProtocolHandler ["http-bio-8080"]
Jan 10, 2014 8:22:49 PM org.apache.coyote.AbstractProtocol stop
INFO: Stopping ProtocolHandler ["ajp-bio-8009"]
Jan 10, 2014 8:22:49 PM org.apache.coyote.AbstractProtocol destroy
INFO: Destroying ProtocolHandler ["http-bio-8080"]
Jan 10, 2014 8:22:49 PM org.apache.coyote.AbstractProtocol destroy
INFO: Destroying ProtocolHandler ["ajp-bio-8009"]
