Jan 11, 2014 1:02:35 AM org.apache.catalina.core.AprLifecycleListener init
INFO: The APR based Apache Tomcat Native library which allows optimal performance in production environments was not found on the java.library.path: /home/hua/lib/jdk/jre/lib/amd64/server:/home/hua/lib/jdk/jre/lib/amd64:/home/hua/lib/jdk/jre/../lib/amd64:/usr/java/packages/lib/amd64:/usr/lib64:/lib64:/lib:/usr/lib
Jan 11, 2014 1:02:37 AM org.apache.coyote.AbstractProtocol init
INFO: Initializing ProtocolHandler ["http-bio-8080"]
Jan 11, 2014 1:02:37 AM org.apache.coyote.AbstractProtocol init
SEVERE: Failed to initialize end point associated with ProtocolHandler ["http-bio-8080"]
java.net.BindException: Address already in use <null>:8080
	at org.apache.tomcat.util.net.JIoEndpoint.bind(JIoEndpoint.java:406)
	at org.apache.tomcat.util.net.AbstractEndpoint.init(AbstractEndpoint.java:610)
	at org.apache.coyote.AbstractProtocol.init(AbstractProtocol.java:429)
	at org.apache.coyote.http11.AbstractHttp11JsseProtocol.init(AbstractHttp11JsseProtocol.java:119)
	at org.apache.catalina.connector.Connector.initInternal(Connector.java:981)
	at org.apache.catalina.util.LifecycleBase.init(LifecycleBase.java:102)
	at org.apache.catalina.core.StandardService.initInternal(StandardService.java:559)
	at org.apache.catalina.util.LifecycleBase.init(LifecycleBase.java:102)
	at org.apache.catalina.core.StandardServer.initInternal(StandardServer.java:814)
	at org.apache.catalina.util.LifecycleBase.init(LifecycleBase.java:102)
	at org.apache.catalina.startup.Catalina.load(Catalina.java:633)
	at org.apache.catalina.startup.Catalina.load(Catalina.java:658)
	at sun.reflect.NativeMethodAccessorImpl.invoke0(Native Method)
	at sun.reflect.NativeMethodAccessorImpl.invoke(NativeMethodAccessorImpl.java:39)
	at sun.reflect.DelegatingMethodAccessorImpl.invoke(DelegatingMethodAccessorImpl.java:25)
	at java.lang.reflect.Method.invoke(Method.java:597)
	at org.apache.catalina.startup.Bootstrap.load(Bootstrap.java:281)
	at org.apache.catalina.startup.Bootstrap.main(Bootstrap.java:455)
Caused by: java.net.BindException: Address already in use
	at java.net.PlainSocketImpl.socketBind(Native Method)
	at java.net.PlainSocketImpl.bind(PlainSocketImpl.java:383)
	at java.net.ServerSocket.bind(ServerSocket.java:328)
	at java.net.ServerSocket.<init>(ServerSocket.java:194)
	at java.net.ServerSocket.<init>(ServerSocket.java:150)
	at org.apache.tomcat.util.net.DefaultServerSocketFactory.createSocket(DefaultServerSocketFactory.java:49)
	at org.apache.tomcat.util.net.JIoEndpoint.bind(JIoEndpoint.java:393)
	... 17 more
Jan 11, 2014 1:02:37 AM org.apache.catalina.core.StandardService initInternal
SEVERE: Failed to initialize connector [Connector[HTTP/1.1-8080]]
org.apache.catalina.LifecycleException: Failed to initialize component [Connector[HTTP/1.1-8080]]
	at org.apache.catalina.util.LifecycleBase.init(LifecycleBase.java:106)
	at org.apache.catalina.core.StandardService.initInternal(StandardService.java:559)
	at org.apache.catalina.util.LifecycleBase.init(LifecycleBase.java:102)
	at org.apache.catalina.core.StandardServer.initInternal(StandardServer.java:814)
	at org.apache.catalina.util.LifecycleBase.init(LifecycleBase.java:102)
	at org.apache.catalina.startup.Catalina.load(Catalina.java:633)
	at org.apache.catalina.startup.Catalina.load(Catalina.java:658)
	at sun.reflect.NativeMethodAccessorImpl.invoke0(Native Method)
	at sun.reflect.NativeMethodAccessorImpl.invoke(NativeMethodAccessorImpl.java:39)
	at sun.reflect.DelegatingMethodAccessorImpl.invoke(DelegatingMethodAccessorImpl.java:25)
	at java.lang.reflect.Method.invoke(Method.java:597)
	at org.apache.catalina.startup.Bootstrap.load(Bootstrap.java:281)
	at org.apache.catalina.startup.Bootstrap.main(Bootstrap.java:455)
Caused by: org.apache.catalina.LifecycleException: Protocol handler initialization failed
	at org.apache.catalina.connector.Connector.initInternal(Connector.java:983)
	at org.apache.catalina.util.LifecycleBase.init(LifecycleBase.java:102)
	... 12 more
Caused by: java.net.BindException: Address already in use <null>:8080
	at org.apache.tomcat.util.net.JIoEndpoint.bind(JIoEndpoint.java:406)
	at org.apache.tomcat.util.net.AbstractEndpoint.init(AbstractEndpoint.java:610)
	at org.apache.coyote.AbstractProtocol.init(AbstractProtocol.java:429)
	at org.apache.coyote.http11.AbstractHttp11JsseProtocol.init(AbstractHttp11JsseProtocol.java:119)
	at org.apache.catalina.connector.Connector.initInternal(Connector.java:981)
	... 13 more
Caused by: java.net.BindException: Address already in use
	at java.net.PlainSocketImpl.socketBind(Native Method)
	at java.net.PlainSocketImpl.bind(PlainSocketImpl.java:383)
	at java.net.ServerSocket.bind(ServerSocket.java:328)
	at java.net.ServerSocket.<init>(ServerSocket.java:194)
	at java.net.ServerSocket.<init>(ServerSocket.java:150)
	at org.apache.tomcat.util.net.DefaultServerSocketFactory.createSocket(DefaultServerSocketFactory.java:49)
	at org.apache.tomcat.util.net.JIoEndpoint.bind(JIoEndpoint.java:393)
	... 17 more
Jan 11, 2014 1:02:37 AM org.apache.coyote.AbstractProtocol init
INFO: Initializing ProtocolHandler ["ajp-bio-8009"]
Jan 11, 2014 1:02:37 AM org.apache.coyote.AbstractProtocol init
SEVERE: Failed to initialize end point associated with ProtocolHandler ["ajp-bio-8009"]
java.net.BindException: Address already in use <null>:8009
	at org.apache.tomcat.util.net.JIoEndpoint.bind(JIoEndpoint.java:406)
	at org.apache.tomcat.util.net.AbstractEndpoint.init(AbstractEndpoint.java:610)
	at org.apache.coyote.AbstractProtocol.init(AbstractProtocol.java:429)
	at org.apache.catalina.connector.Connector.initInternal(Connector.java:981)
	at org.apache.catalina.util.LifecycleBase.init(LifecycleBase.java:102)
	at org.apache.catalina.core.StandardService.initInternal(StandardService.java:559)
	at org.apache.catalina.util.LifecycleBase.init(LifecycleBase.java:102)
	at org.apache.catalina.core.StandardServer.initInternal(StandardServer.java:814)
	at org.apache.catalina.util.LifecycleBase.init(LifecycleBase.java:102)
	at org.apache.catalina.startup.Catalina.load(Catalina.java:633)
	at org.apache.catalina.startup.Catalina.load(Catalina.java:658)
	at sun.reflect.NativeMethodAccessorImpl.invoke0(Native Method)
	at sun.reflect.NativeMethodAccessorImpl.invoke(NativeMethodAccessorImpl.java:39)
	at sun.reflect.DelegatingMethodAccessorImpl.invoke(DelegatingMethodAccessorImpl.java:25)
	at java.lang.reflect.Method.invoke(Method.java:597)
	at org.apache.catalina.startup.Bootstrap.load(Bootstrap.java:281)
	at org.apache.catalina.startup.Bootstrap.main(Bootstrap.java:455)
Caused by: java.net.BindException: Address already in use
	at java.net.PlainSocketImpl.socketBind(Native Method)
	at java.net.PlainSocketImpl.bind(PlainSocketImpl.java:383)
	at java.net.ServerSocket.bind(ServerSocket.java:328)
	at java.net.ServerSocket.<init>(ServerSocket.java:194)
	at java.net.ServerSocket.<init>(ServerSocket.java:150)
	at org.apache.tomcat.util.net.DefaultServerSocketFactory.createSocket(DefaultServerSocketFactory.java:49)
	at org.apache.tomcat.util.net.JIoEndpoint.bind(JIoEndpoint.java:393)
	... 16 more
Jan 11, 2014 1:02:37 AM org.apache.catalina.core.StandardService initInternal
SEVERE: Failed to initialize connector [Connector[AJP/1.3-8009]]
org.apache.catalina.LifecycleException: Failed to initialize component [Connector[AJP/1.3-8009]]
	at org.apache.catalina.util.LifecycleBase.init(LifecycleBase.java:106)
	at org.apache.catalina.core.StandardService.initInternal(StandardService.java:559)
	at org.apache.catalina.util.LifecycleBase.init(LifecycleBase.java:102)
	at org.apache.catalina.core.StandardServer.initInternal(StandardServer.java:814)
	at org.apache.catalina.util.LifecycleBase.init(LifecycleBase.java:102)
	at org.apache.catalina.startup.Catalina.load(Catalina.java:633)
	at org.apache.catalina.startup.Catalina.load(Catalina.java:658)
	at sun.reflect.NativeMethodAccessorImpl.invoke0(Native Method)
	at sun.reflect.NativeMethodAccessorImpl.invoke(NativeMethodAccessorImpl.java:39)
	at sun.reflect.DelegatingMethodAccessorImpl.invoke(DelegatingMethodAccessorImpl.java:25)
	at java.lang.reflect.Method.invoke(Method.java:597)
	at org.apache.catalina.startup.Bootstrap.load(Bootstrap.java:281)
	at org.apache.catalina.startup.Bootstrap.main(Bootstrap.java:455)
Caused by: org.apache.catalina.LifecycleException: Protocol handler initialization failed
	at org.apache.catalina.connector.Connector.initInternal(Connector.java:983)
	at org.apache.catalina.util.LifecycleBase.init(LifecycleBase.java:102)
	... 12 more
Caused by: java.net.BindException: Address already in use <null>:8009
	at org.apache.tomcat.util.net.JIoEndpoint.bind(JIoEndpoint.java:406)
	at org.apache.tomcat.util.net.AbstractEndpoint.init(AbstractEndpoint.java:610)
	at org.apache.coyote.AbstractProtocol.init(AbstractProtocol.java:429)
	at org.apache.catalina.connector.Connector.initInternal(Connector.java:981)
	... 13 more
Caused by: java.net.BindException: Address already in use
	at java.net.PlainSocketImpl.socketBind(Native Method)
	at java.net.PlainSocketImpl.bind(PlainSocketImpl.java:383)
	at java.net.ServerSocket.bind(ServerSocket.java:328)
	at java.net.ServerSocket.<init>(ServerSocket.java:194)
	at java.net.ServerSocket.<init>(ServerSocket.java:150)
	at org.apache.tomcat.util.net.DefaultServerSocketFactory.createSocket(DefaultServerSocketFactory.java:49)
	at org.apache.tomcat.util.net.JIoEndpoint.bind(JIoEndpoint.java:393)
	... 16 more
Jan 11, 2014 1:02:37 AM org.apache.catalina.startup.Catalina load
INFO: Initialization processed in 3307 ms
Jan 11, 2014 1:02:37 AM org.apache.catalina.core.StandardService startInternal
INFO: Starting service Catalina
Jan 11, 2014 1:02:37 AM org.apache.catalina.core.StandardEngine startInternal
INFO: Starting Servlet Engine: Apache Tomcat/7.0.41
Jan 11, 2014 1:02:37 AM org.apache.catalina.startup.HostConfig deployDirectory
INFO: Deploying web application directory /home/hua/lib/tomcat7/webapps/manager
Jan 11, 2014 1:02:39 AM org.apache.catalina.startup.HostConfig deployDirectory
INFO: Deploying web application directory /home/hua/lib/tomcat7/webapps/ROOT
Jan 11, 2014 1:02:39 AM org.apache.catalina.startup.HostConfig deployDirectory
INFO: Deploying web application directory /home/hua/lib/tomcat7/webapps/docs
Jan 11, 2014 1:02:40 AM org.apache.catalina.startup.HostConfig deployDirectory
INFO: Deploying web application directory /home/hua/lib/tomcat7/webapps/huaonline
Jan 11, 2014 1:02:40 AM org.apache.catalina.startup.HostConfig deployDirectory
INFO: Deploying web application directory /home/hua/lib/tomcat7/webapps/cs2cw
Jan 11, 2014 1:02:40 AM org.apache.catalina.startup.HostConfig deployDirectory
INFO: Deploying web application directory /home/hua/lib/tomcat7/webapps/examples
Jan 11, 2014 1:02:41 AM org.apache.catalina.startup.HostConfig deployDirectory
INFO: Deploying web application directory /home/hua/lib/tomcat7/webapps/host-manager
Jan 11, 2014 1:02:41 AM org.apache.catalina.startup.HostConfig deployDirectory
INFO: Deploying web application directory /home/hua/lib/tomcat7/webapps/AnyChat4SpringMVC
Jan 11, 2014 1:02:41 AM org.apache.catalina.loader.WebappClassLoader validateJarFile
INFO: validateJarFile(/home/hua/lib/tomcat7/webapps/AnyChat4SpringMVC/WEB-INF/lib/servlet-api.jar) - jar not loaded. See Servlet Spec 2.3, section 9.7.2. Offending class: javax/servlet/Servlet.class
Jan 11, 2014 1:02:44 AM org.springframework.web.servlet.FrameworkServlet initServletBean
INFO: FrameworkServlet 'AnyChat4SpringMVC': initialization started
Jan 11, 2014 1:02:44 AM org.springframework.context.support.AbstractApplicationContext prepareRefresh
INFO: Refreshing WebApplicationContext for namespace 'AnyChat4SpringMVC-servlet': startup date [Sat Jan 11 01:02:44 CST 2014]; root of context hierarchy
Jan 11, 2014 1:02:44 AM org.springframework.beans.factory.xml.XmlBeanDefinitionReader loadBeanDefinitions
INFO: Loading XML bean definitions from ServletContext resource [/WEB-INF/AnyChat4SpringMVC-servlet.xml]
Jan 11, 2014 1:02:45 AM org.springframework.beans.factory.support.DefaultListableBeanFactory preInstantiateSingletons
INFO: Pre-instantiating singletons in org.springframework.beans.factory.support.DefaultListableBeanFactory@2340b8fd: defining beans [org.springframework.context.annotation.internalConfigurationAnnotationProcessor,org.springframework.context.annotation.internalAutowiredAnnotationProcessor,org.springframework.context.annotation.internalRequiredAnnotationProcessor,org.springframework.context.annotation.internalCommonAnnotationProcessor,urlMapping,loginController,methodNameResolver,paraMethodResolver,org.springframework.web.servlet.view.InternalResourceViewResolver#0,exceptionResolver,anyChat]; root of factory hierarchy
Jan 11, 2014 1:02:45 AM org.springframework.web.servlet.handler.AbstractUrlHandlerMapping registerHandler
INFO: Mapped URL path [/login.do] onto handler 'loginController'
Jan 11, 2014 1:02:46 AM org.springframework.web.servlet.FrameworkServlet initServletBean
INFO: FrameworkServlet 'AnyChat4SpringMVC': initialization completed in 2176 ms
Jan 11, 2014 1:02:46 AM org.apache.catalina.startup.Catalina start
INFO: Server startup in 9059 ms
Jan 11, 2014 1:02:46 AM org.apache.catalina.core.StandardServer await
SEVERE: StandardServer.await: create[localhost:8005]: 
java.net.BindException: Address already in use
	at java.net.PlainSocketImpl.socketBind(Native Method)
	at java.net.PlainSocketImpl.bind(PlainSocketImpl.java:383)
	at java.net.ServerSocket.bind(ServerSocket.java:328)
	at java.net.ServerSocket.<init>(ServerSocket.java:194)
	at org.apache.catalina.core.StandardServer.await(StandardServer.java:427)
	at org.apache.catalina.startup.Catalina.await(Catalina.java:766)
	at org.apache.catalina.startup.Catalina.start(Catalina.java:712)
	at sun.reflect.NativeMethodAccessorImpl.invoke0(Native Method)
	at sun.reflect.NativeMethodAccessorImpl.invoke(NativeMethodAccessorImpl.java:39)
	at sun.reflect.DelegatingMethodAccessorImpl.invoke(DelegatingMethodAccessorImpl.java:25)
	at java.lang.reflect.Method.invoke(Method.java:597)
	at org.apache.catalina.startup.Bootstrap.start(Bootstrap.java:322)
	at org.apache.catalina.startup.Bootstrap.main(Bootstrap.java:456)
Jan 11, 2014 1:02:46 AM org.apache.coyote.AbstractProtocol pause
INFO: Pausing ProtocolHandler ["http-bio-8080"]
Jan 11, 2014 1:02:46 AM org.apache.coyote.AbstractProtocol pause
INFO: Pausing ProtocolHandler ["ajp-bio-8009"]
Jan 11, 2014 1:02:46 AM org.apache.catalina.core.StandardService stopInternal
INFO: Stopping service Catalina
Jan 11, 2014 1:02:46 AM org.springframework.context.support.AbstractApplicationContext doClose
INFO: Closing WebApplicationContext for namespace 'AnyChat4SpringMVC-servlet': startup date [Sat Jan 11 01:02:44 CST 2014]; root of context hierarchy
Jan 11, 2014 1:02:46 AM org.springframework.beans.factory.support.DefaultSingletonBeanRegistry destroySingletons
INFO: Destroying singletons in org.springframework.beans.factory.support.DefaultListableBeanFactory@2340b8fd: defining beans [org.springframework.context.annotation.internalConfigurationAnnotationProcessor,org.springframework.context.annotation.internalAutowiredAnnotationProcessor,org.springframework.context.annotation.internalRequiredAnnotationProcessor,org.springframework.context.annotation.internalCommonAnnotationProcessor,urlMapping,loginController,methodNameResolver,paraMethodResolver,org.springframework.web.servlet.view.InternalResourceViewResolver#0,exceptionResolver,anyChat]; root of factory hierarchy
Jan 11, 2014 1:02:46 AM org.apache.coyote.AbstractProtocol stop
INFO: Stopping ProtocolHandler ["http-bio-8080"]
Jan 11, 2014 1:02:46 AM org.apache.coyote.AbstractProtocol destroy
INFO: Destroying ProtocolHandler ["http-bio-8080"]
Jan 11, 2014 1:02:46 AM org.apache.coyote.AbstractProtocol stop
INFO: Stopping ProtocolHandler ["ajp-bio-8009"]
Jan 11, 2014 1:02:46 AM org.apache.coyote.AbstractProtocol destroy
INFO: Destroying ProtocolHandler ["ajp-bio-8009"]
Jan 11, 2014 1:02:48 AM org.apache.catalina.core.AprLifecycleListener init
INFO: The APR based Apache Tomcat Native library which allows optimal performance in production environments was not found on the java.library.path: /home/hua/lib/jdk/jre/lib/amd64/server:/home/hua/lib/jdk/jre/lib/amd64:/home/hua/lib/jdk/jre/../lib/amd64:/usr/java/packages/lib/amd64:/usr/lib64:/lib64:/lib:/usr/lib
Jan 11, 2014 1:02:50 AM org.apache.coyote.AbstractProtocol init
INFO: Initializing ProtocolHandler ["http-bio-8080"]
Jan 11, 2014 1:02:50 AM org.apache.coyote.AbstractProtocol init
SEVERE: Failed to initialize end point associated with ProtocolHandler ["http-bio-8080"]
java.net.BindException: Address already in use <null>:8080
	at org.apache.tomcat.util.net.JIoEndpoint.bind(JIoEndpoint.java:406)
	at org.apache.tomcat.util.net.AbstractEndpoint.init(AbstractEndpoint.java:610)
	at org.apache.coyote.AbstractProtocol.init(AbstractProtocol.java:429)
	at org.apache.coyote.http11.AbstractHttp11JsseProtocol.init(AbstractHttp11JsseProtocol.java:119)
	at org.apache.catalina.connector.Connector.initInternal(Connector.java:981)
	at org.apache.catalina.util.LifecycleBase.init(LifecycleBase.java:102)
	at org.apache.catalina.core.StandardService.initInternal(StandardService.java:559)
	at org.apache.catalina.util.LifecycleBase.init(LifecycleBase.java:102)
	at org.apache.catalina.core.StandardServer.initInternal(StandardServer.java:814)
	at org.apache.catalina.util.LifecycleBase.init(LifecycleBase.java:102)
	at org.apache.catalina.startup.Catalina.load(Catalina.java:633)
	at org.apache.catalina.startup.Catalina.load(Catalina.java:658)
	at sun.reflect.NativeMethodAccessorImpl.invoke0(Native Method)
	at sun.reflect.NativeMethodAccessorImpl.invoke(NativeMethodAccessorImpl.java:39)
	at sun.reflect.DelegatingMethodAccessorImpl.invoke(DelegatingMethodAccessorImpl.java:25)
	at java.lang.reflect.Method.invoke(Method.java:597)
	at org.apache.catalina.startup.Bootstrap.load(Bootstrap.java:281)
	at org.apache.catalina.startup.Bootstrap.main(Bootstrap.java:455)
Caused by: java.net.BindException: Address already in use
	at java.net.PlainSocketImpl.socketBind(Native Method)
	at java.net.PlainSocketImpl.bind(PlainSocketImpl.java:383)
	at java.net.ServerSocket.bind(ServerSocket.java:328)
	at java.net.ServerSocket.<init>(ServerSocket.java:194)
	at java.net.ServerSocket.<init>(ServerSocket.java:150)
	at org.apache.tomcat.util.net.DefaultServerSocketFactory.createSocket(DefaultServerSocketFactory.java:49)
	at org.apache.tomcat.util.net.JIoEndpoint.bind(JIoEndpoint.java:393)
	... 17 more
Jan 11, 2014 1:02:50 AM org.apache.catalina.core.StandardService initInternal
SEVERE: Failed to initialize connector [Connector[HTTP/1.1-8080]]
org.apache.catalina.LifecycleException: Failed to initialize component [Connector[HTTP/1.1-8080]]
	at org.apache.catalina.util.LifecycleBase.init(LifecycleBase.java:106)
	at org.apache.catalina.core.StandardService.initInternal(StandardService.java:559)
	at org.apache.catalina.util.LifecycleBase.init(LifecycleBase.java:102)
	at org.apache.catalina.core.StandardServer.initInternal(StandardServer.java:814)
	at org.apache.catalina.util.LifecycleBase.init(LifecycleBase.java:102)
	at org.apache.catalina.startup.Catalina.load(Catalina.java:633)
	at org.apache.catalina.startup.Catalina.load(Catalina.java:658)
	at sun.reflect.NativeMethodAccessorImpl.invoke0(Native Method)
	at sun.reflect.NativeMethodAccessorImpl.invoke(NativeMethodAccessorImpl.java:39)
	at sun.reflect.DelegatingMethodAccessorImpl.invoke(DelegatingMethodAccessorImpl.java:25)
	at java.lang.reflect.Method.invoke(Method.java:597)
	at org.apache.catalina.startup.Bootstrap.load(Bootstrap.java:281)
	at org.apache.catalina.startup.Bootstrap.main(Bootstrap.java:455)
Caused by: org.apache.catalina.LifecycleException: Protocol handler initialization failed
	at org.apache.catalina.connector.Connector.initInternal(Connector.java:983)
	at org.apache.catalina.util.LifecycleBase.init(LifecycleBase.java:102)
	... 12 more
Caused by: java.net.BindException: Address already in use <null>:8080
	at org.apache.tomcat.util.net.JIoEndpoint.bind(JIoEndpoint.java:406)
	at org.apache.tomcat.util.net.AbstractEndpoint.init(AbstractEndpoint.java:610)
	at org.apache.coyote.AbstractProtocol.init(AbstractProtocol.java:429)
	at org.apache.coyote.http11.AbstractHttp11JsseProtocol.init(AbstractHttp11JsseProtocol.java:119)
	at org.apache.catalina.connector.Connector.initInternal(Connector.java:981)
	... 13 more
Caused by: java.net.BindException: Address already in use
	at java.net.PlainSocketImpl.socketBind(Native Method)
	at java.net.PlainSocketImpl.bind(PlainSocketImpl.java:383)
	at java.net.ServerSocket.bind(ServerSocket.java:328)
	at java.net.ServerSocket.<init>(ServerSocket.java:194)
	at java.net.ServerSocket.<init>(ServerSocket.java:150)
	at org.apache.tomcat.util.net.DefaultServerSocketFactory.createSocket(DefaultServerSocketFactory.java:49)
	at org.apache.tomcat.util.net.JIoEndpoint.bind(JIoEndpoint.java:393)
	... 17 more
Jan 11, 2014 1:02:50 AM org.apache.coyote.AbstractProtocol init
INFO: Initializing ProtocolHandler ["ajp-bio-8009"]
Jan 11, 2014 1:02:50 AM org.apache.coyote.AbstractProtocol init
SEVERE: Failed to initialize end point associated with ProtocolHandler ["ajp-bio-8009"]
java.net.BindException: Address already in use <null>:8009
	at org.apache.tomcat.util.net.JIoEndpoint.bind(JIoEndpoint.java:406)
	at org.apache.tomcat.util.net.AbstractEndpoint.init(AbstractEndpoint.java:610)
	at org.apache.coyote.AbstractProtocol.init(AbstractProtocol.java:429)
	at org.apache.catalina.connector.Connector.initInternal(Connector.java:981)
	at org.apache.catalina.util.LifecycleBase.init(LifecycleBase.java:102)
	at org.apache.catalina.core.StandardService.initInternal(StandardService.java:559)
	at org.apache.catalina.util.LifecycleBase.init(LifecycleBase.java:102)
	at org.apache.catalina.core.StandardServer.initInternal(StandardServer.java:814)
	at org.apache.catalina.util.LifecycleBase.init(LifecycleBase.java:102)
	at org.apache.catalina.startup.Catalina.load(Catalina.java:633)
	at org.apache.catalina.startup.Catalina.load(Catalina.java:658)
	at sun.reflect.NativeMethodAccessorImpl.invoke0(Native Method)
	at sun.reflect.NativeMethodAccessorImpl.invoke(NativeMethodAccessorImpl.java:39)
	at sun.reflect.DelegatingMethodAccessorImpl.invoke(DelegatingMethodAccessorImpl.java:25)
	at java.lang.reflect.Method.invoke(Method.java:597)
	at org.apache.catalina.startup.Bootstrap.load(Bootstrap.java:281)
	at org.apache.catalina.startup.Bootstrap.main(Bootstrap.java:455)
Caused by: java.net.BindException: Address already in use
	at java.net.PlainSocketImpl.socketBind(Native Method)
	at java.net.PlainSocketImpl.bind(PlainSocketImpl.java:383)
	at java.net.ServerSocket.bind(ServerSocket.java:328)
	at java.net.ServerSocket.<init>(ServerSocket.java:194)
	at java.net.ServerSocket.<init>(ServerSocket.java:150)
	at org.apache.tomcat.util.net.DefaultServerSocketFactory.createSocket(DefaultServerSocketFactory.java:49)
	at org.apache.tomcat.util.net.JIoEndpoint.bind(JIoEndpoint.java:393)
	... 16 more
Jan 11, 2014 1:02:50 AM org.apache.catalina.core.StandardService initInternal
SEVERE: Failed to initialize connector [Connector[AJP/1.3-8009]]
org.apache.catalina.LifecycleException: Failed to initialize component [Connector[AJP/1.3-8009]]
	at org.apache.catalina.util.LifecycleBase.init(LifecycleBase.java:106)
	at org.apache.catalina.core.StandardService.initInternal(StandardService.java:559)
	at org.apache.catalina.util.LifecycleBase.init(LifecycleBase.java:102)
	at org.apache.catalina.core.StandardServer.initInternal(StandardServer.java:814)
	at org.apache.catalina.util.LifecycleBase.init(LifecycleBase.java:102)
	at org.apache.catalina.startup.Catalina.load(Catalina.java:633)
	at org.apache.catalina.startup.Catalina.load(Catalina.java:658)
	at sun.reflect.NativeMethodAccessorImpl.invoke0(Native Method)
	at sun.reflect.NativeMethodAccessorImpl.invoke(NativeMethodAccessorImpl.java:39)
	at sun.reflect.DelegatingMethodAccessorImpl.invoke(DelegatingMethodAccessorImpl.java:25)
	at java.lang.reflect.Method.invoke(Method.java:597)
	at org.apache.catalina.startup.Bootstrap.load(Bootstrap.java:281)
	at org.apache.catalina.startup.Bootstrap.main(Bootstrap.java:455)
Caused by: org.apache.catalina.LifecycleException: Protocol handler initialization failed
	at org.apache.catalina.connector.Connector.initInternal(Connector.java:983)
	at org.apache.catalina.util.LifecycleBase.init(LifecycleBase.java:102)
	... 12 more
Caused by: java.net.BindException: Address already in use <null>:8009
	at org.apache.tomcat.util.net.JIoEndpoint.bind(JIoEndpoint.java:406)
	at org.apache.tomcat.util.net.AbstractEndpoint.init(AbstractEndpoint.java:610)
	at org.apache.coyote.AbstractProtocol.init(AbstractProtocol.java:429)
	at org.apache.catalina.connector.Connector.initInternal(Connector.java:981)
	... 13 more
Caused by: java.net.BindException: Address already in use
	at java.net.PlainSocketImpl.socketBind(Native Method)
	at java.net.PlainSocketImpl.bind(PlainSocketImpl.java:383)
	at java.net.ServerSocket.bind(ServerSocket.java:328)
	at java.net.ServerSocket.<init>(ServerSocket.java:194)
	at java.net.ServerSocket.<init>(ServerSocket.java:150)
	at org.apache.tomcat.util.net.DefaultServerSocketFactory.createSocket(DefaultServerSocketFactory.java:49)
	at org.apache.tomcat.util.net.JIoEndpoint.bind(JIoEndpoint.java:393)
	... 16 more
Jan 11, 2014 1:02:50 AM org.apache.catalina.startup.Catalina load
INFO: Initialization processed in 2879 ms
Jan 11, 2014 1:02:50 AM org.apache.catalina.core.StandardService startInternal
INFO: Starting service Catalina
Jan 11, 2014 1:02:50 AM org.apache.catalina.core.StandardEngine startInternal
INFO: Starting Servlet Engine: Apache Tomcat/7.0.41
Jan 11, 2014 1:02:50 AM org.apache.catalina.startup.HostConfig deployDirectory
INFO: Deploying web application directory /home/hua/lib/tomcat7/webapps/manager
Jan 11, 2014 1:02:52 AM org.apache.catalina.startup.HostConfig deployDirectory
INFO: Deploying web application directory /home/hua/lib/tomcat7/webapps/ROOT
Jan 11, 2014 1:02:52 AM org.apache.catalina.startup.HostConfig deployDirectory
INFO: Deploying web application directory /home/hua/lib/tomcat7/webapps/docs
Jan 11, 2014 1:02:52 AM org.apache.catalina.startup.HostConfig deployDirectory
INFO: Deploying web application directory /home/hua/lib/tomcat7/webapps/huaonline
Jan 11, 2014 1:02:52 AM org.apache.catalina.startup.HostConfig deployDirectory
INFO: Deploying web application directory /home/hua/lib/tomcat7/webapps/cs2cw
Jan 11, 2014 1:02:53 AM org.apache.catalina.startup.HostConfig deployDirectory
INFO: Deploying web application directory /home/hua/lib/tomcat7/webapps/examples
Jan 11, 2014 1:02:53 AM org.apache.catalina.startup.HostConfig deployDirectory
INFO: Deploying web application directory /home/hua/lib/tomcat7/webapps/host-manager
Jan 11, 2014 1:02:54 AM org.apache.catalina.startup.HostConfig deployDirectory
INFO: Deploying web application directory /home/hua/lib/tomcat7/webapps/AnyChat4SpringMVC
Jan 11, 2014 1:02:54 AM org.apache.catalina.loader.WebappClassLoader validateJarFile
INFO: validateJarFile(/home/hua/lib/tomcat7/webapps/AnyChat4SpringMVC/WEB-INF/lib/servlet-api.jar) - jar not loaded. See Servlet Spec 2.3, section 9.7.2. Offending class: javax/servlet/Servlet.class
Jan 11, 2014 1:02:56 AM org.springframework.web.servlet.FrameworkServlet initServletBean
INFO: FrameworkServlet 'AnyChat4SpringMVC': initialization started
Jan 11, 2014 1:02:56 AM org.springframework.context.support.AbstractApplicationContext prepareRefresh
INFO: Refreshing WebApplicationContext for namespace 'AnyChat4SpringMVC-servlet': startup date [Sat Jan 11 01:02:56 CST 2014]; root of context hierarchy
Jan 11, 2014 1:02:57 AM org.springframework.beans.factory.xml.XmlBeanDefinitionReader loadBeanDefinitions
INFO: Loading XML bean definitions from ServletContext resource [/WEB-INF/AnyChat4SpringMVC-servlet.xml]
Jan 11, 2014 1:02:57 AM org.springframework.beans.factory.support.DefaultListableBeanFactory preInstantiateSingletons
INFO: Pre-instantiating singletons in org.springframework.beans.factory.support.DefaultListableBeanFactory@399197b: defining beans [org.springframework.context.annotation.internalConfigurationAnnotationProcessor,org.springframework.context.annotation.internalAutowiredAnnotationProcessor,org.springframework.context.annotation.internalRequiredAnnotationProcessor,org.springframework.context.annotation.internalCommonAnnotationProcessor,urlMapping,loginController,methodNameResolver,paraMethodResolver,org.springframework.web.servlet.view.InternalResourceViewResolver#0,exceptionResolver,anyChat]; root of factory hierarchy
Jan 11, 2014 1:02:57 AM org.springframework.web.servlet.handler.AbstractUrlHandlerMapping registerHandler
INFO: Mapped URL path [/login.do] onto handler 'loginController'
Jan 11, 2014 1:02:58 AM org.springframework.web.servlet.FrameworkServlet initServletBean
INFO: FrameworkServlet 'AnyChat4SpringMVC': initialization completed in 1773 ms
Jan 11, 2014 1:02:58 AM org.apache.catalina.startup.Catalina start
INFO: Server startup in 8597 ms
Jan 11, 2014 1:02:58 AM org.apache.catalina.core.StandardServer await
SEVERE: StandardServer.await: create[localhost:8005]: 
java.net.BindException: Address already in use
	at java.net.PlainSocketImpl.socketBind(Native Method)
	at java.net.PlainSocketImpl.bind(PlainSocketImpl.java:383)
	at java.net.ServerSocket.bind(ServerSocket.java:328)
	at java.net.ServerSocket.<init>(ServerSocket.java:194)
	at org.apache.catalina.core.StandardServer.await(StandardServer.java:427)
	at org.apache.catalina.startup.Catalina.await(Catalina.java:766)
	at org.apache.catalina.startup.Catalina.start(Catalina.java:712)
	at sun.reflect.NativeMethodAccessorImpl.invoke0(Native Method)
	at sun.reflect.NativeMethodAccessorImpl.invoke(NativeMethodAccessorImpl.java:39)
	at sun.reflect.DelegatingMethodAccessorImpl.invoke(DelegatingMethodAccessorImpl.java:25)
	at java.lang.reflect.Method.invoke(Method.java:597)
	at org.apache.catalina.startup.Bootstrap.start(Bootstrap.java:322)
	at org.apache.catalina.startup.Bootstrap.main(Bootstrap.java:456)
Jan 11, 2014 1:02:58 AM org.apache.coyote.AbstractProtocol pause
INFO: Pausing ProtocolHandler ["http-bio-8080"]
Jan 11, 2014 1:02:58 AM org.apache.coyote.AbstractProtocol pause
INFO: Pausing ProtocolHandler ["ajp-bio-8009"]
Jan 11, 2014 1:02:58 AM org.apache.catalina.core.StandardService stopInternal
INFO: Stopping service Catalina
Jan 11, 2014 1:02:58 AM org.springframework.context.support.AbstractApplicationContext doClose
INFO: Closing WebApplicationContext for namespace 'AnyChat4SpringMVC-servlet': startup date [Sat Jan 11 01:02:56 CST 2014]; root of context hierarchy
Jan 11, 2014 1:02:58 AM org.springframework.beans.factory.support.DefaultSingletonBeanRegistry destroySingletons
INFO: Destroying singletons in org.springframework.beans.factory.support.DefaultListableBeanFactory@399197b: defining beans [org.springframework.context.annotation.internalConfigurationAnnotationProcessor,org.springframework.context.annotation.internalAutowiredAnnotationProcessor,org.springframework.context.annotation.internalRequiredAnnotationProcessor,org.springframework.context.annotation.internalCommonAnnotationProcessor,urlMapping,loginController,methodNameResolver,paraMethodResolver,org.springframework.web.servlet.view.InternalResourceViewResolver#0,exceptionResolver,anyChat]; root of factory hierarchy
Jan 11, 2014 1:02:58 AM org.apache.coyote.AbstractProtocol stop
INFO: Stopping ProtocolHandler ["http-bio-8080"]
Jan 11, 2014 1:02:58 AM org.apache.coyote.AbstractProtocol destroy
INFO: Destroying ProtocolHandler ["http-bio-8080"]
Jan 11, 2014 1:02:58 AM org.apache.coyote.AbstractProtocol stop
INFO: Stopping ProtocolHandler ["ajp-bio-8009"]
Jan 11, 2014 1:02:58 AM org.apache.coyote.AbstractProtocol destroy
INFO: Destroying ProtocolHandler ["ajp-bio-8009"]
Jan 11, 2014 1:03:33 AM org.apache.catalina.core.AprLifecycleListener init
INFO: The APR based Apache Tomcat Native library which allows optimal performance in production environments was not found on the java.library.path: /home/hua/lib/jdk/jre/lib/amd64/server:/home/hua/lib/jdk/jre/lib/amd64:/home/hua/lib/jdk/jre/../lib/amd64:/usr/java/packages/lib/amd64:/usr/lib64:/lib64:/lib:/usr/lib
Jan 11, 2014 1:03:34 AM org.apache.coyote.AbstractProtocol init
INFO: Initializing ProtocolHandler ["http-bio-8080"]
Jan 11, 2014 1:03:34 AM org.apache.coyote.AbstractProtocol init
INFO: Initializing ProtocolHandler ["ajp-bio-8009"]
Jan 11, 2014 1:03:34 AM org.apache.catalina.startup.Catalina load
INFO: Initialization processed in 1913 ms
Jan 11, 2014 1:03:34 AM org.apache.catalina.core.StandardService startInternal
INFO: Starting service Catalina
Jan 11, 2014 1:03:34 AM org.apache.catalina.core.StandardEngine startInternal
INFO: Starting Servlet Engine: Apache Tomcat/7.0.41
Jan 11, 2014 1:03:34 AM org.apache.catalina.startup.HostConfig deployDirectory
INFO: Deploying web application directory /home/hua/lib/tomcat7/webapps/manager
Jan 11, 2014 1:03:35 AM org.apache.catalina.startup.HostConfig deployDirectory
INFO: Deploying web application directory /home/hua/lib/tomcat7/webapps/ROOT
Jan 11, 2014 1:03:35 AM org.apache.catalina.startup.HostConfig deployDirectory
INFO: Deploying web application directory /home/hua/lib/tomcat7/webapps/docs
Jan 11, 2014 1:03:35 AM org.apache.catalina.startup.HostConfig deployDirectory
INFO: Deploying web application directory /home/hua/lib/tomcat7/webapps/huaonline
Jan 11, 2014 1:03:35 AM org.apache.catalina.startup.HostConfig deployDirectory
INFO: Deploying web application directory /home/hua/lib/tomcat7/webapps/cs2cw
Jan 11, 2014 1:03:35 AM org.apache.catalina.startup.HostConfig deployDirectory
INFO: Deploying web application directory /home/hua/lib/tomcat7/webapps/examples
Jan 11, 2014 1:03:36 AM org.apache.catalina.startup.HostConfig deployDirectory
INFO: Deploying web application directory /home/hua/lib/tomcat7/webapps/host-manager
Jan 11, 2014 1:03:36 AM org.apache.catalina.startup.HostConfig deployDirectory
INFO: Deploying web application directory /home/hua/lib/tomcat7/webapps/AnyChat4SpringMVC
Jan 11, 2014 1:03:36 AM org.apache.catalina.loader.WebappClassLoader validateJarFile
INFO: validateJarFile(/home/hua/lib/tomcat7/webapps/AnyChat4SpringMVC/WEB-INF/lib/servlet-api.jar) - jar not loaded. See Servlet Spec 2.3, section 9.7.2. Offending class: javax/servlet/Servlet.class
Jan 11, 2014 1:03:37 AM org.springframework.web.servlet.FrameworkServlet initServletBean
INFO: FrameworkServlet 'AnyChat4SpringMVC': initialization started
Jan 11, 2014 1:03:37 AM org.springframework.context.support.AbstractApplicationContext prepareRefresh
INFO: Refreshing WebApplicationContext for namespace 'AnyChat4SpringMVC-servlet': startup date [Sat Jan 11 01:03:37 CST 2014]; root of context hierarchy
Jan 11, 2014 1:03:37 AM org.springframework.beans.factory.xml.XmlBeanDefinitionReader loadBeanDefinitions
INFO: Loading XML bean definitions from ServletContext resource [/WEB-INF/AnyChat4SpringMVC-servlet.xml]
Jan 11, 2014 1:03:38 AM org.springframework.beans.factory.support.DefaultListableBeanFactory preInstantiateSingletons
INFO: Pre-instantiating singletons in org.springframework.beans.factory.support.DefaultListableBeanFactory@5b62f030: defining beans [org.springframework.context.annotation.internalConfigurationAnnotationProcessor,org.springframework.context.annotation.internalAutowiredAnnotationProcessor,org.springframework.context.annotation.internalRequiredAnnotationProcessor,org.springframework.context.annotation.internalCommonAnnotationProcessor,urlMapping,loginController,methodNameResolver,paraMethodResolver,org.springframework.web.servlet.view.InternalResourceViewResolver#0,exceptionResolver,anyChat]; root of factory hierarchy
Jan 11, 2014 1:03:38 AM org.springframework.web.servlet.handler.AbstractUrlHandlerMapping registerHandler
INFO: Mapped URL path [/login.do] onto handler 'loginController'
Jan 11, 2014 1:03:38 AM org.springframework.web.servlet.FrameworkServlet initServletBean
INFO: FrameworkServlet 'AnyChat4SpringMVC': initialization completed in 1165 ms
Jan 11, 2014 1:03:38 AM org.apache.coyote.AbstractProtocol start
INFO: Starting ProtocolHandler ["http-bio-8080"]
Jan 11, 2014 1:03:39 AM org.apache.coyote.AbstractProtocol start
INFO: Starting ProtocolHandler ["ajp-bio-8009"]
Jan 11, 2014 1:03:39 AM org.apache.catalina.startup.Catalina start
INFO: Server startup in 4751 ms
Jan 11, 2014 1:11:00 AM org.apache.coyote.AbstractProtocol pause
INFO: Pausing ProtocolHandler ["http-bio-8080"]
Jan 11, 2014 1:11:00 AM org.apache.coyote.AbstractProtocol pause
INFO: Pausing ProtocolHandler ["ajp-bio-8009"]
Jan 11, 2014 1:11:00 AM org.apache.catalina.core.StandardService stopInternal
INFO: Stopping service Catalina
Jan 11, 2014 1:11:00 AM org.springframework.context.support.AbstractApplicationContext doClose
INFO: Closing WebApplicationContext for namespace 'AnyChat4SpringMVC-servlet': startup date [Sat Jan 11 01:03:37 CST 2014]; root of context hierarchy
Jan 11, 2014 1:11:00 AM org.springframework.beans.factory.support.DefaultSingletonBeanRegistry destroySingletons
INFO: Destroying singletons in org.springframework.beans.factory.support.DefaultListableBeanFactory@5b62f030: defining beans [org.springframework.context.annotation.internalConfigurationAnnotationProcessor,org.springframework.context.annotation.internalAutowiredAnnotationProcessor,org.springframework.context.annotation.internalRequiredAnnotationProcessor,org.springframework.context.annotation.internalCommonAnnotationProcessor,urlMapping,loginController,methodNameResolver,paraMethodResolver,org.springframework.web.servlet.view.InternalResourceViewResolver#0,exceptionResolver,anyChat]; root of factory hierarchy
Jan 11, 2014 1:11:00 AM org.apache.coyote.AbstractProtocol stop
INFO: Stopping ProtocolHandler ["http-bio-8080"]
Jan 11, 2014 1:11:00 AM org.apache.coyote.AbstractProtocol stop
INFO: Stopping ProtocolHandler ["ajp-bio-8009"]
Jan 11, 2014 1:11:00 AM org.apache.coyote.AbstractProtocol destroy
INFO: Destroying ProtocolHandler ["http-bio-8080"]
Jan 11, 2014 1:11:00 AM org.apache.coyote.AbstractProtocol destroy
INFO: Destroying ProtocolHandler ["ajp-bio-8009"]
Jan 11, 2014 1:14:20 AM org.apache.catalina.core.AprLifecycleListener init
INFO: The APR based Apache Tomcat Native library which allows optimal performance in production environments was not found on the java.library.path: /home/hua/lib/jdk/jre/lib/amd64/server:/home/hua/lib/jdk/jre/lib/amd64:/home/hua/lib/jdk/jre/../lib/amd64:/usr/java/packages/lib/amd64:/usr/lib64:/lib64:/lib:/usr/lib
Jan 11, 2014 1:14:21 AM org.apache.coyote.AbstractProtocol init
INFO: Initializing ProtocolHandler ["http-bio-8080"]
Jan 11, 2014 1:14:21 AM org.apache.coyote.AbstractProtocol init
INFO: Initializing ProtocolHandler ["ajp-bio-8009"]
Jan 11, 2014 1:14:21 AM org.apache.catalina.startup.Catalina load
INFO: Initialization processed in 1835 ms
Jan 11, 2014 1:14:21 AM org.apache.catalina.core.StandardService startInternal
INFO: Starting service Catalina
Jan 11, 2014 1:14:21 AM org.apache.catalina.core.StandardEngine startInternal
INFO: Starting Servlet Engine: Apache Tomcat/7.0.41
Jan 11, 2014 1:14:21 AM org.apache.catalina.startup.HostConfig deployDirectory
INFO: Deploying web application directory /home/hua/lib/tomcat7/webapps/manager
Jan 11, 2014 1:14:22 AM org.apache.catalina.startup.HostConfig deployDirectory
INFO: Deploying web application directory /home/hua/lib/tomcat7/webapps/ROOT
Jan 11, 2014 1:14:22 AM org.apache.catalina.startup.HostConfig deployDirectory
INFO: Deploying web application directory /home/hua/lib/tomcat7/webapps/docs
Jan 11, 2014 1:14:23 AM org.apache.catalina.startup.HostConfig deployDirectory
INFO: Deploying web application directory /home/hua/lib/tomcat7/webapps/huaonline
Jan 11, 2014 1:14:23 AM org.apache.catalina.startup.HostConfig deployDirectory
INFO: Deploying web application directory /home/hua/lib/tomcat7/webapps/cs2cw
Jan 11, 2014 1:14:23 AM org.apache.catalina.startup.HostConfig deployDirectory
INFO: Deploying web application directory /home/hua/lib/tomcat7/webapps/examples
Jan 11, 2014 1:14:23 AM org.apache.catalina.startup.HostConfig deployDirectory
INFO: Deploying web application directory /home/hua/lib/tomcat7/webapps/host-manager
Jan 11, 2014 1:14:23 AM org.apache.catalina.startup.HostConfig deployDirectory
INFO: Deploying web application directory /home/hua/lib/tomcat7/webapps/AnyChat4SpringMVC
Jan 11, 2014 1:14:23 AM org.apache.catalina.loader.WebappClassLoader validateJarFile
INFO: validateJarFile(/home/hua/lib/tomcat7/webapps/AnyChat4SpringMVC/WEB-INF/lib/servlet-api.jar) - jar not loaded. See Servlet Spec 2.3, section 9.7.2. Offending class: javax/servlet/Servlet.class
Jan 11, 2014 1:14:25 AM org.springframework.web.servlet.FrameworkServlet initServletBean
INFO: FrameworkServlet 'AnyChat4SpringMVC': initialization started
Jan 11, 2014 1:14:25 AM org.springframework.context.support.AbstractApplicationContext prepareRefresh
INFO: Refreshing WebApplicationContext for namespace 'AnyChat4SpringMVC-servlet': startup date [Sat Jan 11 01:14:25 CST 2014]; root of context hierarchy
Jan 11, 2014 1:14:25 AM org.springframework.beans.factory.xml.XmlBeanDefinitionReader loadBeanDefinitions
INFO: Loading XML bean definitions from ServletContext resource [/WEB-INF/AnyChat4SpringMVC-servlet.xml]
Jan 11, 2014 1:14:25 AM org.springframework.beans.factory.support.DefaultListableBeanFactory preInstantiateSingletons
INFO: Pre-instantiating singletons in org.springframework.beans.factory.support.DefaultListableBeanFactory@51f88fbd: defining beans [org.springframework.context.annotation.internalConfigurationAnnotationProcessor,org.springframework.context.annotation.internalAutowiredAnnotationProcessor,org.springframework.context.annotation.internalRequiredAnnotationProcessor,org.springframework.context.annotation.internalCommonAnnotationProcessor,urlMapping,loginController,methodNameResolver,paraMethodResolver,org.springframework.web.servlet.view.InternalResourceViewResolver#0,exceptionResolver,anyChat]; root of factory hierarchy
Jan 11, 2014 1:14:25 AM org.springframework.web.servlet.handler.AbstractUrlHandlerMapping registerHandler
INFO: Mapped URL path [/login.do] onto handler 'loginController'
Jan 11, 2014 1:14:26 AM org.springframework.web.servlet.FrameworkServlet initServletBean
INFO: FrameworkServlet 'AnyChat4SpringMVC': initialization completed in 1184 ms
Jan 11, 2014 1:14:26 AM org.apache.coyote.AbstractProtocol start
INFO: Starting ProtocolHandler ["http-bio-8080"]
Jan 11, 2014 1:14:26 AM org.apache.coyote.AbstractProtocol start
INFO: Starting ProtocolHandler ["ajp-bio-8009"]
Jan 11, 2014 1:14:26 AM org.apache.catalina.startup.Catalina start
INFO: Server startup in 4766 ms
Jan 11, 2014 4:23:57 AM org.apache.catalina.realm.LockOutRealm authenticate
WARNING: An attempt was made to authenticate the locked user "admin"
Jan 11, 2014 4:23:59 AM org.apache.catalina.realm.LockOutRealm authenticate
WARNING: An attempt was made to authenticate the locked user "admin"
Jan 11, 2014 4:24:00 AM org.apache.catalina.realm.LockOutRealm authenticate
WARNING: An attempt was made to authenticate the locked user "admin"
Jan 11, 2014 4:24:01 AM org.apache.catalina.realm.LockOutRealm authenticate
WARNING: An attempt was made to authenticate the locked user "admin"
Jan 11, 2014 4:24:02 AM org.apache.catalina.realm.LockOutRealm authenticate
WARNING: An attempt was made to authenticate the locked user "admin"
Jan 11, 2014 4:24:03 AM org.apache.catalina.realm.LockOutRealm authenticate
WARNING: An attempt was made to authenticate the locked user "admin"
Jan 11, 2014 4:24:04 AM org.apache.catalina.realm.LockOutRealm authenticate
WARNING: An attempt was made to authenticate the locked user "admin"
Jan 11, 2014 4:24:05 AM org.apache.catalina.realm.LockOutRealm authenticate
WARNING: An attempt was made to authenticate the locked user "admin"
Jan 11, 2014 4:24:06 AM org.apache.catalina.realm.LockOutRealm authenticate
WARNING: An attempt was made to authenticate the locked user "admin"
Jan 11, 2014 4:24:08 AM org.apache.catalina.realm.LockOutRealm authenticate
WARNING: An attempt was made to authenticate the locked user "admin"
Jan 11, 2014 4:24:09 AM org.apache.catalina.realm.LockOutRealm authenticate
WARNING: An attempt was made to authenticate the locked user "admin"
Jan 11, 2014 4:24:10 AM org.apache.catalina.realm.LockOutRealm authenticate
WARNING: An attempt was made to authenticate the locked user "admin"
Jan 11, 2014 4:24:16 AM org.apache.catalina.realm.LockOutRealm authenticate
WARNING: An attempt was made to authenticate the locked user "tomcat"
Jan 11, 2014 4:24:18 AM org.apache.catalina.realm.LockOutRealm authenticate
WARNING: An attempt was made to authenticate the locked user "tomcat"
Jan 11, 2014 4:24:19 AM org.apache.catalina.realm.LockOutRealm authenticate
WARNING: An attempt was made to authenticate the locked user "tomcat"
Jan 11, 2014 4:24:20 AM org.apache.catalina.realm.LockOutRealm authenticate
WARNING: An attempt was made to authenticate the locked user "tomcat"
Jan 11, 2014 4:24:21 AM org.apache.catalina.realm.LockOutRealm authenticate
WARNING: An attempt was made to authenticate the locked user "tomcat"
Jan 11, 2014 4:24:22 AM org.apache.catalina.realm.LockOutRealm authenticate
WARNING: An attempt was made to authenticate the locked user "tomcat"
Jan 11, 2014 4:24:23 AM org.apache.catalina.realm.LockOutRealm authenticate
WARNING: An attempt was made to authenticate the locked user "tomcat"
Jan 11, 2014 4:24:24 AM org.apache.catalina.realm.LockOutRealm authenticate
WARNING: An attempt was made to authenticate the locked user "tomcat"
Jan 11, 2014 4:24:25 AM org.apache.catalina.realm.LockOutRealm authenticate
WARNING: An attempt was made to authenticate the locked user "tomcat"
Jan 11, 2014 4:24:26 AM org.apache.catalina.realm.LockOutRealm authenticate
WARNING: An attempt was made to authenticate the locked user "tomcat"
Jan 11, 2014 4:24:28 AM org.apache.catalina.realm.LockOutRealm authenticate
WARNING: An attempt was made to authenticate the locked user "tomcat"
Jan 11, 2014 4:24:29 AM org.apache.catalina.realm.LockOutRealm authenticate
WARNING: An attempt was made to authenticate the locked user "tomcat"
Jan 11, 2014 4:24:35 AM org.apache.catalina.realm.LockOutRealm authenticate
WARNING: An attempt was made to authenticate the locked user "manager"
Jan 11, 2014 4:24:37 AM org.apache.catalina.realm.LockOutRealm authenticate
WARNING: An attempt was made to authenticate the locked user "manager"
Jan 11, 2014 4:24:38 AM org.apache.catalina.realm.LockOutRealm authenticate
WARNING: An attempt was made to authenticate the locked user "manager"
Jan 11, 2014 4:24:39 AM org.apache.catalina.realm.LockOutRealm authenticate
WARNING: An attempt was made to authenticate the locked user "manager"
Jan 11, 2014 4:24:40 AM org.apache.catalina.realm.LockOutRealm authenticate
WARNING: An attempt was made to authenticate the locked user "manager"
Jan 11, 2014 4:24:41 AM org.apache.catalina.realm.LockOutRealm authenticate
WARNING: An attempt was made to authenticate the locked user "manager"
Jan 11, 2014 4:24:42 AM org.apache.catalina.realm.LockOutRealm authenticate
WARNING: An attempt was made to authenticate the locked user "manager"
Jan 11, 2014 4:24:43 AM org.apache.catalina.realm.LockOutRealm authenticate
WARNING: An attempt was made to authenticate the locked user "manager"
Jan 11, 2014 4:24:44 AM org.apache.catalina.realm.LockOutRealm authenticate
WARNING: An attempt was made to authenticate the locked user "manager"
Jan 11, 2014 4:24:45 AM org.apache.catalina.realm.LockOutRealm authenticate
WARNING: An attempt was made to authenticate the locked user "manager"
Jan 11, 2014 4:24:47 AM org.apache.catalina.realm.LockOutRealm authenticate
WARNING: An attempt was made to authenticate the locked user "manager"
Jan 11, 2014 4:24:48 AM org.apache.catalina.realm.LockOutRealm authenticate
WARNING: An attempt was made to authenticate the locked user "manager"
Jan 11, 2014 4:24:54 AM org.apache.catalina.realm.LockOutRealm authenticate
WARNING: An attempt was made to authenticate the locked user "user"
Jan 11, 2014 4:24:55 AM org.apache.catalina.realm.LockOutRealm authenticate
WARNING: An attempt was made to authenticate the locked user "user"
Jan 11, 2014 4:24:57 AM org.apache.catalina.realm.LockOutRealm authenticate
WARNING: An attempt was made to authenticate the locked user "user"
Jan 11, 2014 4:24:58 AM org.apache.catalina.realm.LockOutRealm authenticate
WARNING: An attempt was made to authenticate the locked user "user"
Jan 11, 2014 4:24:59 AM org.apache.catalina.realm.LockOutRealm authenticate
WARNING: An attempt was made to authenticate the locked user "user"
Jan 11, 2014 4:25:00 AM org.apache.catalina.realm.LockOutRealm authenticate
WARNING: An attempt was made to authenticate the locked user "user"
Jan 11, 2014 4:25:01 AM org.apache.catalina.realm.LockOutRealm authenticate
WARNING: An attempt was made to authenticate the locked user "user"
Jan 11, 2014 4:25:02 AM org.apache.catalina.realm.LockOutRealm authenticate
WARNING: An attempt was made to authenticate the locked user "user"
Jan 11, 2014 4:25:04 AM org.apache.catalina.realm.LockOutRealm authenticate
WARNING: An attempt was made to authenticate the locked user "user"
Jan 11, 2014 4:25:05 AM org.apache.catalina.realm.LockOutRealm authenticate
WARNING: An attempt was made to authenticate the locked user "user"
Jan 11, 2014 4:25:06 AM org.apache.catalina.realm.LockOutRealm authenticate
WARNING: An attempt was made to authenticate the locked user "user"
Jan 11, 2014 4:25:07 AM org.apache.catalina.realm.LockOutRealm authenticate
WARNING: An attempt was made to authenticate the locked user "user"
Jan 11, 2014 4:25:14 AM org.apache.catalina.realm.LockOutRealm authenticate
WARNING: An attempt was made to authenticate the locked user "both"
Jan 11, 2014 4:25:15 AM org.apache.catalina.realm.LockOutRealm authenticate
WARNING: An attempt was made to authenticate the locked user "both"
Jan 11, 2014 4:25:16 AM org.apache.catalina.realm.LockOutRealm authenticate
WARNING: An attempt was made to authenticate the locked user "both"
Jan 11, 2014 4:25:17 AM org.apache.catalina.realm.LockOutRealm authenticate
WARNING: An attempt was made to authenticate the locked user "both"
Jan 11, 2014 4:25:18 AM org.apache.catalina.realm.LockOutRealm authenticate
WARNING: An attempt was made to authenticate the locked user "both"
Jan 11, 2014 4:25:19 AM org.apache.catalina.realm.LockOutRealm authenticate
WARNING: An attempt was made to authenticate the locked user "both"
Jan 11, 2014 4:25:20 AM org.apache.catalina.realm.LockOutRealm authenticate
WARNING: An attempt was made to authenticate the locked user "both"
Jan 11, 2014 4:25:21 AM org.apache.catalina.realm.LockOutRealm authenticate
WARNING: An attempt was made to authenticate the locked user "both"
Jan 11, 2014 4:25:23 AM org.apache.catalina.realm.LockOutRealm authenticate
WARNING: An attempt was made to authenticate the locked user "both"
Jan 11, 2014 4:25:24 AM org.apache.catalina.realm.LockOutRealm authenticate
WARNING: An attempt was made to authenticate the locked user "both"
Jan 11, 2014 4:25:25 AM org.apache.catalina.realm.LockOutRealm authenticate
WARNING: An attempt was made to authenticate the locked user "both"
Jan 11, 2014 4:25:26 AM org.apache.catalina.realm.LockOutRealm authenticate
WARNING: An attempt was made to authenticate the locked user "both"
Jan 11, 2014 9:23:45 AM org.apache.coyote.AbstractProtocol pause
INFO: Pausing ProtocolHandler ["http-bio-8080"]
Jan 11, 2014 9:23:45 AM org.apache.coyote.AbstractProtocol pause
INFO: Pausing ProtocolHandler ["ajp-bio-8009"]
Jan 11, 2014 9:23:45 AM org.apache.catalina.core.StandardService stopInternal
INFO: Stopping service Catalina
Jan 11, 2014 9:23:45 AM org.springframework.context.support.AbstractApplicationContext doClose
INFO: Closing WebApplicationContext for namespace 'AnyChat4SpringMVC-servlet': startup date [Sat Jan 11 01:14:25 CST 2014]; root of context hierarchy
Jan 11, 2014 9:23:45 AM org.springframework.beans.factory.support.DefaultSingletonBeanRegistry destroySingletons
INFO: Destroying singletons in org.springframework.beans.factory.support.DefaultListableBeanFactory@51f88fbd: defining beans [org.springframework.context.annotation.internalConfigurationAnnotationProcessor,org.springframework.context.annotation.internalAutowiredAnnotationProcessor,org.springframework.context.annotation.internalRequiredAnnotationProcessor,org.springframework.context.annotation.internalCommonAnnotationProcessor,urlMapping,loginController,methodNameResolver,paraMethodResolver,org.springframework.web.servlet.view.InternalResourceViewResolver#0,exceptionResolver,anyChat]; root of factory hierarchy
Jan 11, 2014 9:23:45 AM org.apache.coyote.AbstractProtocol stop
INFO: Stopping ProtocolHandler ["http-bio-8080"]
Jan 11, 2014 9:23:45 AM org.apache.coyote.AbstractProtocol stop
INFO: Stopping ProtocolHandler ["ajp-bio-8009"]
Jan 11, 2014 9:23:45 AM org.apache.coyote.AbstractProtocol destroy
INFO: Destroying ProtocolHandler ["http-bio-8080"]
Jan 11, 2014 9:23:45 AM org.apache.coyote.AbstractProtocol destroy
INFO: Destroying ProtocolHandler ["ajp-bio-8009"]
Jan 11, 2014 9:24:13 AM org.apache.catalina.core.AprLifecycleListener init
INFO: The APR based Apache Tomcat Native library which allows optimal performance in production environments was not found on the java.library.path: /home/hua/lib/jdk/jre/lib/amd64/server:/home/hua/lib/jdk/jre/lib/amd64:/home/hua/lib/jdk/jre/../lib/amd64:/usr/java/packages/lib/amd64:/usr/lib64:/lib64:/lib:/usr/lib
Jan 11, 2014 9:24:14 AM org.apache.coyote.AbstractProtocol init
INFO: Initializing ProtocolHandler ["http-bio-8080"]
Jan 11, 2014 9:24:14 AM org.apache.coyote.AbstractProtocol init
INFO: Initializing ProtocolHandler ["ajp-bio-8009"]
Jan 11, 2014 9:24:14 AM org.apache.catalina.startup.Catalina load
INFO: Initialization processed in 2306 ms
Jan 11, 2014 9:24:14 AM org.apache.catalina.core.StandardService startInternal
INFO: Starting service Catalina
Jan 11, 2014 9:24:14 AM org.apache.catalina.core.StandardEngine startInternal
INFO: Starting Servlet Engine: Apache Tomcat/7.0.41
Jan 11, 2014 9:24:14 AM org.apache.catalina.startup.HostConfig deployDirectory
INFO: Deploying web application directory /home/hua/lib/tomcat7/webapps/manager
Jan 11, 2014 9:24:16 AM org.apache.catalina.startup.HostConfig deployDirectory
INFO: Deploying web application directory /home/hua/lib/tomcat7/webapps/ROOT
Jan 11, 2014 9:24:16 AM org.apache.catalina.startup.HostConfig deployDirectory
INFO: Deploying web application directory /home/hua/lib/tomcat7/webapps/docs
Jan 11, 2014 9:24:16 AM org.apache.catalina.startup.HostConfig deployDirectory
INFO: Deploying web application directory /home/hua/lib/tomcat7/webapps/huaonline
Jan 11, 2014 9:24:16 AM org.apache.catalina.startup.HostConfig deployDirectory
INFO: Deploying web application directory /home/hua/lib/tomcat7/webapps/cs2cw
Jan 11, 2014 9:24:16 AM org.apache.catalina.startup.HostConfig deployDirectory
INFO: Deploying web application directory /home/hua/lib/tomcat7/webapps/examples
Jan 11, 2014 9:24:17 AM org.apache.catalina.startup.HostConfig deployDirectory
INFO: Deploying web application directory /home/hua/lib/tomcat7/webapps/host-manager
Jan 11, 2014 9:24:17 AM org.apache.catalina.startup.HostConfig deployDirectory
INFO: Deploying web application directory /home/hua/lib/tomcat7/webapps/AnyChat4SpringMVC
Jan 11, 2014 9:24:17 AM org.apache.catalina.loader.WebappClassLoader validateJarFile
INFO: validateJarFile(/home/hua/lib/tomcat7/webapps/AnyChat4SpringMVC/WEB-INF/lib/servlet-api.jar) - jar not loaded. See Servlet Spec 2.3, section 9.7.2. Offending class: javax/servlet/Servlet.class
Jan 11, 2014 9:24:18 AM org.springframework.web.servlet.FrameworkServlet initServletBean
INFO: FrameworkServlet 'AnyChat4SpringMVC': initialization started
Jan 11, 2014 9:24:18 AM org.springframework.context.support.AbstractApplicationContext prepareRefresh
INFO: Refreshing WebApplicationContext for namespace 'AnyChat4SpringMVC-servlet': startup date [Sat Jan 11 09:24:18 CST 2014]; root of context hierarchy
Jan 11, 2014 9:24:18 AM org.springframework.beans.factory.xml.XmlBeanDefinitionReader loadBeanDefinitions
INFO: Loading XML bean definitions from ServletContext resource [/WEB-INF/AnyChat4SpringMVC-servlet.xml]
Jan 11, 2014 9:24:19 AM org.springframework.beans.factory.support.DefaultListableBeanFactory preInstantiateSingletons
INFO: Pre-instantiating singletons in org.springframework.beans.factory.support.DefaultListableBeanFactory@4a005364: defining beans [org.springframework.context.annotation.internalConfigurationAnnotationProcessor,org.springframework.context.annotation.internalAutowiredAnnotationProcessor,org.springframework.context.annotation.internalRequiredAnnotationProcessor,org.springframework.context.annotation.internalCommonAnnotationProcessor,urlMapping,loginController,methodNameResolver,paraMethodResolver,org.springframework.web.servlet.view.InternalResourceViewResolver#0,exceptionResolver,anyChat]; root of factory hierarchy
Jan 11, 2014 9:24:19 AM org.springframework.web.servlet.handler.AbstractUrlHandlerMapping registerHandler
INFO: Mapped URL path [/login.do] onto handler 'loginController'
Jan 11, 2014 9:24:20 AM org.springframework.web.servlet.FrameworkServlet initServletBean
INFO: FrameworkServlet 'AnyChat4SpringMVC': initialization completed in 1288 ms
Jan 11, 2014 9:24:20 AM org.apache.coyote.AbstractProtocol start
INFO: Starting ProtocolHandler ["http-bio-8080"]
Jan 11, 2014 9:24:20 AM org.apache.coyote.AbstractProtocol start
INFO: Starting ProtocolHandler ["ajp-bio-8009"]
Jan 11, 2014 9:24:20 AM org.apache.catalina.startup.Catalina start
INFO: Server startup in 5316 ms
